warning: 'educationai': found 1 file(s) which are unhandled; explicitly declare them as resources or exclude from the target
    /Users/muhittincamdali/Desktop/Cursor Projects/GitHub/educationai/Tests/README.md
warning: 'educationai': found 13 file(s) which are unhandled; explicitly declare them as resources or exclude from the target
    /Users/muhittincamdali/Desktop/Cursor Projects/GitHub/educationai/Sources/Core/Infrastructure/Offline/README.md
    /Users/muhittincamdali/Desktop/Cursor Projects/GitHub/educationai/Sources/Core/Infrastructure/AI/README.md
    /Users/muhittincamdali/Desktop/Cursor Projects/GitHub/educationai/Sources/Core/Infrastructure/Social/README.md
    /Users/muhittincamdali/Desktop/Cursor Projects/GitHub/educationai/Sources/Core/Infrastructure/Analytics/README.md
    /Users/muhittincamdali/Desktop/Cursor Projects/GitHub/educationai/Sources/Core/Infrastructure/AI/AdvancedModels/README.md
    /Users/muhittincamdali/Desktop/Cursor Projects/GitHub/educationai/Sources/Core/Domain/Entities/README.md
    /Users/muhittincamdali/Desktop/Cursor Projects/GitHub/educationai/Sources/Presentation/README.md
    /Users/muhittincamdali/Desktop/Cursor Projects/GitHub/educationai/Sources/Core/Infrastructure/Polish/README.md
    /Users/muhittincamdali/Desktop/Cursor Projects/GitHub/educationai/Sources/Core/Infrastructure/Performance/README.md
    /Users/muhittincamdali/Desktop/Cursor Projects/GitHub/educationai/Sources/Core/Infrastructure/Accessibility/README.md
    /Users/muhittincamdali/Desktop/Cursor Projects/GitHub/educationai/Sources/Core/Infrastructure/Localization/README.md
    /Users/muhittincamdali/Desktop/Cursor Projects/GitHub/educationai/Sources/Core/Infrastructure/Enterprise/README.md
    /Users/muhittincamdali/Desktop/Cursor Projects/GitHub/educationai/Sources/Core/Infrastructure/Security/README.md
[0/1] Planning build
Building for debugging...
[0/6] Write swift-version--58304C5D6DBC2206.txt
[2/9] Compiling EducationAI User.swift
/Users/muhittincamdali/Desktop/Cursor Projects/GitHub/educationai/Sources/Core/MainFramework.swift:2:8: error: no such module 'UIKit'
  1 | import Foundation
  2 | import UIKit
    |        `- error: no such module 'UIKit'
  3 | 
  4 | /**
[3/9] Compiling EducationAI MainFramework.swift
/Users/muhittincamdali/Desktop/Cursor Projects/GitHub/educationai/Sources/Core/MainFramework.swift:2:8: error: no such module 'UIKit'
  1 | import Foundation
  2 | import UIKit
    |        `- error: no such module 'UIKit'
  3 | 
  4 | /**
[4/9] Compiling EducationAI AIService.swift
/Users/muhittincamdali/Desktop/Cursor Projects/GitHub/educationai/Sources/Core/MainFramework.swift:2:8: error: no such module 'UIKit'
  1 | import Foundation
  2 | import UIKit
    |        `- error: no such module 'UIKit'
  3 | 
  4 | /**
[5/9] Compiling EducationAI EducationAI.swift
/Users/muhittincamdali/Desktop/Cursor Projects/GitHub/educationai/Sources/Core/MainFramework.swift:2:8: error: no such module 'UIKit'
  1 | import Foundation
  2 | import UIKit
    |        `- error: no such module 'UIKit'
  3 | 
  4 | /**
error: emit-module command failed with exit code 1 (use -v to see invocation)
[6/9] Emitting module EducationAI
/Users/muhittincamdali/Desktop/Cursor Projects/GitHub/educationai/Sources/Core/MainFramework.swift:2:8: error: no such module 'UIKit'
  1 | import Foundation
  2 | import UIKit
    |        `- error: no such module 'UIKit'
  3 | 
  4 | /**
[7/9] Compiling EducationAI LearningUseCase.swift
/Users/muhittincamdali/Desktop/Cursor Projects/GitHub/educationai/Sources/Core/MainFramework.swift:2:8: error: no such module 'UIKit'
  1 | import Foundation
  2 | import UIKit
    |        `- error: no such module 'UIKit'
  3 | 
  4 | /**
[8/9] Compiling EducationAI Course.swift
/Users/muhittincamdali/Desktop/Cursor Projects/GitHub/educationai/Sources/Core/MainFramework.swift:2:8: error: no such module 'UIKit'
  1 | import Foundation
  2 | import UIKit
    |        `- error: no such module 'UIKit'
  3 | 
  4 | /**
[9/9] Compiling EducationAI AnalyticsUseCase.swift
/Users/muhittincamdali/Desktop/Cursor Projects/GitHub/educationai/Sources/Core/MainFramework.swift:2:8: error: no such module 'UIKit'
  1 | import Foundation
  2 | import UIKit
    |        `- error: no such module 'UIKit'
  3 | 
  4 | /**
