Building for debugging...
[0/1] Write swift-version--58304C5D6DBC2206.txt
error: emit-module command failed with exit code 1 (use -v to see invocation)
[2/9] Emitting module EducationAI
/Users/muhittincamdali/Desktop/Cursor Projects/GitHub/educationai/Sources/Core/MainFramework.swift:2:8: error: no such module 'UIKit'
  1 | import Foundation
  2 | import UIKit
    |        `- error: no such module 'UIKit'
  3 | 
  4 | /**
[3/9] Compiling EducationAI LearningUseCase.swift
/Users/muhittincamdali/Desktop/Cursor Projects/GitHub/educationai/Sources/Core/MainFramework.swift:2:8: error: no such module 'UIKit'
  1 | import Foundation
  2 | import UIKit
    |        `- error: no such module 'UIKit'
  3 | 
  4 | /**
[4/9] Compiling EducationAI Course.swift
/Users/muhittincamdali/Desktop/Cursor Projects/GitHub/educationai/Sources/Core/MainFramework.swift:2:8: error: no such module 'UIKit'
  1 | import Foundation
  2 | import UIKit
    |        `- error: no such module 'UIKit'
  3 | 
  4 | /**
[5/9] Compiling EducationAI AnalyticsUseCase.swift
/Users/muhittincamdali/Desktop/Cursor Projects/GitHub/educationai/Sources/Core/MainFramework.swift:2:8: error: no such module 'UIKit'
  1 | import Foundation
  2 | import UIKit
    |        `- error: no such module 'UIKit'
  3 | 
  4 | /**
[6/9] Compiling EducationAI MainFramework.swift
/Users/muhittincamdali/Desktop/Cursor Projects/GitHub/educationai/Sources/Core/MainFramework.swift:2:8: error: no such module 'UIKit'
  1 | import Foundation
  2 | import UIKit
    |        `- error: no such module 'UIKit'
  3 | 
  4 | /**
[7/9] Compiling EducationAI AIService.swift
/Users/muhittincamdali/Desktop/Cursor Projects/GitHub/educationai/Sources/Core/MainFramework.swift:2:8: error: no such module 'UIKit'
  1 | import Foundation
  2 | import UIKit
    |        `- error: no such module 'UIKit'
  3 | 
  4 | /**
[8/9] Compiling EducationAI User.swift
/Users/muhittincamdali/Desktop/Cursor Projects/GitHub/educationai/Sources/Core/MainFramework.swift:2:8: error: no such module 'UIKit'
  1 | import Foundation
  2 | import UIKit
    |        `- error: no such module 'UIKit'
  3 | 
  4 | /**
[9/9] Compiling EducationAI EducationAI.swift
/Users/muhittincamdali/Desktop/Cursor Projects/GitHub/educationai/Sources/Core/MainFramework.swift:2:8: error: no such module 'UIKit'
  1 | import Foundation
  2 | import UIKit
    |        `- error: no such module 'UIKit'
  3 | 
  4 | /**
